\BOOKMARK [0][-]{chapter.1}{Introduction}{}% 1
\BOOKMARK [1][-]{section.1.1}{Motivation}{chapter.1}% 2
\BOOKMARK [1][-]{section.1.2}{Contribution}{chapter.1}% 3
\BOOKMARK [1][-]{section.1.3}{Related\040Publications}{chapter.1}% 4
\BOOKMARK [1][-]{section.1.4}{Outline}{chapter.1}% 5
\BOOKMARK [0][-]{chapter.2}{Background\040and\040Related\040Work}{}% 6
\BOOKMARK [1][-]{section.2.1}{Privacy}{chapter.2}% 7
\BOOKMARK [1][-]{section.2.2}{Web\040tracking}{chapter.2}% 8
\BOOKMARK [1][-]{section.2.3}{online\040footprints}{chapter.2}% 9
\BOOKMARK [0][-]{chapter.3}{Users\040profiling\040in\040social\040tagging\040systems}{}% 10
\BOOKMARK [1][-]{section.3.1}{Background}{chapter.3}% 11
\BOOKMARK [1][-]{section.3.2}{Architecture}{chapter.3}% 12
\BOOKMARK [1][-]{section.3.3}{Evaluation}{chapter.3}% 13
\BOOKMARK [1][-]{section.3.4}{Discussion}{chapter.3}% 14
\BOOKMARK [0][-]{chapter.4}{Privacy\040in\040proximity\040based\040apps:\040the\040nightmare\040of\040serendipitous\040discovery}{}% 15
\BOOKMARK [1][-]{section.4.1}{Background}{chapter.4}% 16
\BOOKMARK [1][-]{section.4.2}{Modelling\040the\040location\040probe\040method}{chapter.4}% 17
\BOOKMARK [1][-]{section.4.3}{Modelling\040the\040user\040activity\040profile}{chapter.4}% 18
\BOOKMARK [1][-]{section.4.4}{Experimental\040results}{chapter.4}% 19
\BOOKMARK [1][-]{section.4.5}{Mitigation\040possibilities}{chapter.4}% 20
\BOOKMARK [1][-]{section.4.6}{Discussion}{chapter.4}% 21
\BOOKMARK [0][-]{chapter.5}{Web\040tracking:\040how\040advertising\040networks\040collect\040users'\040browsing\040patterns}{}% 22
\BOOKMARK [1][-]{section.5.1}{Background}{chapter.5}% 23
\BOOKMARK [1][-]{section.5.2}{Modelling\040the\040user\040profile}{chapter.5}% 24
\BOOKMARK [1][-]{section.5.3}{Modelling\040the\040user's\040online\040footprint}{chapter.5}% 25
\BOOKMARK [1][-]{section.5.4}{Discussion}{chapter.5}% 26
\BOOKMARK [0][-]{chapter.6}{An\040information-theoretic\040model\040for\040measuring\040the\040anonymity\040risk\040in\040time-variant\040user\040profiles}{}% 27
\BOOKMARK [1][-]{section.6.1}{Background}{chapter.6}% 28
\BOOKMARK [1][-]{section.6.2}{An\040information-theoretic\040model\040for\040measuring\040anonymity\040risk}{chapter.6}% 29
\BOOKMARK [1][-]{section.6.3}{Experimental\040results}{chapter.6}% 30
\BOOKMARK [1][-]{section.6.4}{Discussion}{chapter.6}% 31
\BOOKMARK [0][-]{chapter.7}{Online\040identities\040as\040hypermedia\040documents}{}% 32
\BOOKMARK [1][-]{section.7.1}{Background}{chapter.7}% 33
\BOOKMARK [1][-]{section.7.2}{A\040hypermedia\040model\040of\040the\040user\040identity}{chapter.7}% 34
\BOOKMARK [1][-]{section.7.3}{Data\040flow\040between\040identity\040providers\040and\040third-party\040services}{chapter.7}% 35
\BOOKMARK [1][-]{section.7.4}{Mitigation\040possibilities}{chapter.7}% 36
\BOOKMARK [1][-]{section.7.5}{Evaluation}{chapter.7}% 37
\BOOKMARK [1][-]{section.7.6}{Discussion}{chapter.7}% 38
\BOOKMARK [0][-]{chapter.8}{Conclusions\040and\040discussion}{}% 39
\BOOKMARK [1][-]{section.8.1}{How\040the\040Socialist\040millionaires\040protocol\040works}{chapter.8}% 40
\BOOKMARK [0][-]{lstnumber.8.2.30}{Appendix}{}% 41
\BOOKMARK [0][-]{lstnumber.8.2.30}{References}{}% 42
